video-url       https://www.youtube.com/watch?v=plJuH1w5bsI
video-duration  1264
video-fps       30
video-height    720
video-width     1280
downsampling    1.333333373069763
bursts-height   540
bursts-width    960
bursts-duration 0.533333361148834
bursts-frames   16
bursts-spacing  62
burst 0 start 30
burst 0 sigma0_factor 0.2
burst 0 sigma0 0.126963615417480
burst 0 sigma 0.111971393227577
burst 1 start 92
burst 1 sigma0_factor 0.2
burst 1 sigma0 0.204739049077034
burst 1 sigma 0.180562883615494
burst 2 start 154
burst 2 sigma0_factor 0.2
burst 2 sigma0 0.225843161344528
burst 2 sigma 0.199174970388412
burst 3 start 216
burst 3 sigma0_factor 0.2
burst 3 sigma0 0.118514589965343
burst 3 sigma 0.104520052671432
burst 4 start 278
burst 4 sigma0_factor 0.2
burst 4 sigma0 0.206001996994019
burst 4 sigma 0.181676700711250
burst 5 start 340
burst 5 sigma0_factor 0.2
burst 5 sigma0 0.254991888999939
burst 5 sigma 0.224881723523140
burst 6 start 402
burst 6 sigma0_factor 0.2
burst 6 sigma0 0.191485375165939
burst 6 sigma 0.168874248862267
burst 7 start 464
burst 7 sigma0_factor 0.2
burst 7 sigma0 0.259399950504303
burst 7 sigma 0.228769272565842
burst 8 start 526
burst 8 sigma0_factor 0.2
burst 8 sigma0 0.142450287938118
burst 8 sigma 0.125629350543022
burst 9 start 588
burst 9 sigma0_factor 0.2
burst 9 sigma0 0.297583937644958
burst 9 sigma 0.262444376945496
burst 10 start 650
burst 10 sigma0_factor 0.2
burst 10 sigma0 0.246563494205475
burst 10 sigma 0.217448577284813
burst 11 start 712
burst 11 sigma0_factor 0.2
burst 11 sigma0 0.120219334959984
burst 11 sigma 0.106023497879505
burst 12 start 774
burst 12 sigma0_factor 0.2
burst 12 sigma0 0.114952765405178
burst 12 sigma 0.101378820836544
burst 13 start 836
burst 13 sigma0_factor 0.2
burst 13 sigma0 0.231890112161636
burst 13 sigma 0.204507872462273
burst 14 start 898
burst 14 sigma0_factor 0.2
burst 14 sigma0 0.188798278570175
burst 14 sigma 0.166504442691803
burst 15 start 960
burst 15 sigma0_factor 0.2
burst 15 sigma0 0.242617368698120
burst 15 sigma 0.213968425989151
burst 16 start 1022
burst 16 sigma0_factor 0.2
burst 16 sigma0 0.124664738774300
burst 16 sigma 0.109943971037865
burst 17 start 1084
burst 17 sigma0_factor 0.2
burst 17 sigma0 0.148394048213959
burst 17 sigma 0.130871266126633
burst 18 start 1146
burst 18 sigma0_factor 0.2
burst 18 sigma0 0.191134512424469
burst 18 sigma 0.168564811348915
burst 19 start 1208
burst 19 sigma0_factor 0.2
burst 19 sigma0 0.134591460227966
burst 19 sigma 0.118698522448540
