video-url       https://www.youtube.com/watch?v=XC_bqXLp6K4
video-duration  77
video-fps       30
video-height    1080
video-width     1920
downsampling    2.000000000000000
bursts-height   540
bursts-width    960
bursts-duration 0.533333361148834
bursts-frames   16
bursts-spacing  10
burst 0 start 30
burst 0 sigma0_factor 0.6
burst 0 sigma0 0.269513428211212
burst 0 sigma 0.466810941696167
burst 1 start 40
burst 1 sigma0_factor 0.6
burst 1 sigma0 0.679193019866943
burst 1 sigma 1.176396846771240
burst 2 start 50
burst 2 sigma0_factor 0.6
burst 2 sigma0 0.677706956863403
burst 2 sigma 1.173822879791260
burst 3 start 60
burst 3 sigma0_factor 0.6
burst 3 sigma0 0.638466417789459
burst 3 sigma 1.105856299400330
burst 4 start 70
burst 4 sigma0_factor 0.6
burst 4 sigma0 0.648371994495392
burst 4 sigma 1.123013257980347
