video-url       https://www.youtube.com/watch?v=iu50iY9RmNg
video-duration  1173
video-fps       24
video-height    720
video-width     1280
downsampling    1.333333373069763
bursts-height   540
bursts-width    960
bursts-duration 0.666666686534882
bursts-frames   16
bursts-spacing  58
burst 0 start 30
burst 0 sigma0_factor 0.2
burst 0 sigma0 0.256523162126541
burst 0 sigma 0.226232185959816
burst 1 start 88
burst 1 sigma0_factor 0.2
burst 1 sigma0 0.110746681690216
burst 1 sigma 0.097669400274754
burst 2 start 146
burst 2 sigma0_factor 0.2
burst 2 sigma0 0.222937405109406
burst 2 sigma 0.196612328290939
burst 3 start 204
burst 3 sigma0_factor 0.2
burst 3 sigma0 0.139594152569771
burst 3 sigma 0.123110480606556
burst 4 start 262
burst 4 sigma0_factor 0.2
burst 4 sigma0 0.146648019552231
burst 4 sigma 0.129331409931183
burst 5 start 320
burst 5 sigma0_factor 0.2
burst 5 sigma0 0.296477764844894
burst 5 sigma 0.261468827724457
burst 6 start 378
burst 6 sigma0_factor 0.2
burst 6 sigma0 0.239645749330521
burst 6 sigma 0.211347699165344
burst 7 start 436
burst 7 sigma0_factor 0.2
burst 7 sigma0 0.189095601439476
burst 7 sigma 0.166766658425331
burst 8 start 494
burst 8 sigma0_factor 0.2
burst 8 sigma0 0.182817682623863
burst 8 sigma 0.161230057477951
burst 9 start 552
burst 9 sigma0_factor 0.2
burst 9 sigma0 0.208462059497833
burst 9 sigma 0.183846265077591
burst 10 start 610
burst 10 sigma0_factor 0.2
burst 10 sigma0 0.242926985025406
burst 10 sigma 0.214241474866867
burst 11 start 668
burst 11 sigma0_factor 0.2
burst 11 sigma0 0.249923348426819
burst 11 sigma 0.220411688089371
burst 12 start 726
burst 12 sigma0_factor 0.2
burst 12 sigma0 0.111056275665760
burst 12 sigma 0.097942434251308
burst 13 start 784
burst 13 sigma0_factor 0.2
burst 13 sigma0 0.254352062940598
burst 13 sigma 0.224317446351051
burst 14 start 842
burst 14 sigma0_factor 0.2
burst 14 sigma0 0.101649470627308
burst 14 sigma 0.089646413922310
burst 15 start 900
burst 15 sigma0_factor 0.2
burst 15 sigma0 0.197024703025818
burst 15 sigma 0.173759475350380
burst 16 start 958
burst 16 sigma0_factor 0.2
burst 16 sigma0 0.110127486288548
burst 16 sigma 0.097123324871063
burst 17 start 1016
burst 17 sigma0_factor 0.2
burst 17 sigma0 0.205981343984604
burst 17 sigma 0.181658491492271
burst 18 start 1074
burst 18 sigma0_factor 0.2
burst 18 sigma0 0.293910562992096
burst 18 sigma 0.259204775094986
burst 19 start 1132
burst 19 sigma0_factor 0.2
burst 19 sigma0 0.148005813360214
burst 19 sigma 0.130528867244720
