video-url       https://www.youtube.com/watch?v=nQiDpzSVD0Q
video-duration  77
video-fps       25
video-height    1080
video-width     1920
downsampling    2.000000000000000
bursts-height   540
bursts-width    960
bursts-duration 0.639999985694885
bursts-frames   16
bursts-spacing  10
burst 0 start 30
burst 0 sigma0_factor 0.6
burst 0 sigma0 0.400162935256958
burst 0 sigma 0.693102538585663
burst 1 start 40
burst 1 sigma0_factor 0.6
burst 1 sigma0 0.273996680974960
burst 1 sigma 0.474576175212860
burst 2 start 50
burst 2 sigma0_factor 0.6
burst 2 sigma0 0.466793924570084
burst 2 sigma 0.808510780334473
burst 3 start 60
burst 3 sigma0_factor 0.6
burst 3 sigma0 0.145860791206360
burst 3 sigma 0.252638310194016
burst 4 start 70
burst 4 sigma0_factor 0.6
burst 4 sigma0 0.153018355369568
burst 4 sigma 0.265035569667816
