video-url       https://www.youtube.com/watch?v=9FLekrFvExI
video-duration  103
video-fps       30
video-height    720
video-width     1280
downsampling    1.333333373069763
bursts-height   540
bursts-width    960
bursts-duration 0.533333361148834
bursts-frames   16
bursts-spacing  10
burst 0 start 30
burst 0 sigma0_factor 0.2
burst 0 sigma0 0.279624909162521
burst 0 sigma 0.246606007218361
burst 1 start 40
burst 1 sigma0_factor 0.2
burst 1 sigma0 0.286418825387955
burst 1 sigma 0.252597689628601
burst 2 start 50
burst 2 sigma0_factor 0.2
burst 2 sigma0 0.209803640842438
burst 2 sigma 0.185029432177544
burst 3 start 60
burst 3 sigma0_factor 0.2
burst 3 sigma0 0.108790330588818
burst 3 sigma 0.095944061875343
burst 4 start 70
burst 4 sigma0_factor 0.2
burst 4 sigma0 0.210208088159561
burst 4 sigma 0.185386121273041
burst 5 start 80
burst 5 sigma0_factor 0.2
burst 5 sigma0 0.214839249849319
burst 5 sigma 0.189470425248146
burst 6 start 90
burst 6 sigma0_factor 0.2
burst 6 sigma0 0.236756175756454
burst 6 sigma 0.208799332380295
burst 7 start 100
burst 7 sigma0_factor 0.2
burst 7 sigma0 0.119575574994087
burst 7 sigma 0.105455756187439
