video-url       https://www.youtube.com/watch?v=jcS4Ae9zSUs
video-duration  161
video-fps       30
video-height    1080
video-width     1920
downsampling    2.000000000000000
bursts-height   540
bursts-width    960
bursts-duration 0.533333361148834
bursts-frames   16
bursts-spacing  10
burst 0 start 30
burst 0 sigma0_factor 0.6
burst 0 sigma0 0.130815893411636
burst 0 sigma 0.226579770445824
burst 1 start 40
burst 1 sigma0_factor 0.6
burst 1 sigma0 0.277574717998505
burst 1 sigma 0.480773508548737
burst 2 start 50
burst 2 sigma0_factor 0.6
burst 2 sigma0 0.360067307949066
burst 2 sigma 0.623654842376709
burst 3 start 60
burst 3 sigma0_factor 0.6
burst 3 sigma0 0.479584634304047
burst 3 sigma 0.830664932727814
burst 4 start 70
burst 4 sigma0_factor 0.6
burst 4 sigma0 0.609750628471375
burst 4 sigma 1.056119084358215
burst 5 start 80
burst 5 sigma0_factor 0.6
burst 5 sigma0 0.622839152812958
burst 5 sigma 1.078788995742798
burst 6 start 90
burst 6 sigma0_factor 0.6
burst 6 sigma0 0.585790872573853
burst 6 sigma 1.014619588851929
burst 7 start 100
burst 7 sigma0_factor 0.6
burst 7 sigma0 0.440591782331467
burst 7 sigma 0.763127326965332
burst 8 start 110
burst 8 sigma0_factor 0.6
burst 8 sigma0 0.296805053949356
burst 8 sigma 0.514081418514252
burst 9 start 120
burst 9 sigma0_factor 0.6
burst 9 sigma0 0.321087718009949
burst 9 sigma 0.556140244007111
burst 10 start 130
burst 10 sigma0_factor 0.6
burst 10 sigma0 0.284707218408585
burst 10 sigma 0.493127346038818
burst 11 start 140
burst 11 sigma0_factor 0.6
burst 11 sigma0 0.243906915187836
burst 11 sigma 0.422459155321121
burst 12 start 150
burst 12 sigma0_factor 0.6
burst 12 sigma0 0.326585263013840
burst 12 sigma 0.565662264823914
