video-url       https://www.youtube.com/watch?v=F4EFKIgZxSA
video-duration  519
video-fps       24
video-height    1080
video-width     1920
downsampling    2.000000000000000
bursts-height   540
bursts-width    960
bursts-duration 0.666666686534882
bursts-frames   16
bursts-spacing  25
burst 0 start 30
burst 0 sigma0_factor 0.6
burst 0 sigma0 0.610729575157166
burst 0 sigma 1.057814598083496
burst 1 start 55
burst 1 sigma0_factor 0.6
burst 1 sigma0 0.551453649997711
burst 1 sigma 0.955145716667175
burst 2 start 80
burst 2 sigma0_factor 0.6
burst 2 sigma0 0.444455832242966
burst 2 sigma 0.769820094108582
burst 3 start 105
burst 3 sigma0_factor 0.6
burst 3 sigma0 0.535046577453613
burst 3 sigma 0.926727831363678
burst 4 start 130
burst 4 sigma0_factor 0.6
burst 4 sigma0 0.242854267358780
burst 4 sigma 0.420635908842087
burst 5 start 155
burst 5 sigma0_factor 0.6
burst 5 sigma0 0.301919311285019
burst 5 sigma 0.522939562797546
burst 6 start 180
burst 6 sigma0_factor 0.6
burst 6 sigma0 0.612685918807983
burst 6 sigma 1.061203122138977
burst 7 start 205
burst 7 sigma0_factor 0.6
burst 7 sigma0 0.512398898601532
burst 7 sigma 0.887500882148743
burst 8 start 230
burst 8 sigma0_factor 0.6
burst 8 sigma0 0.695735752582550
burst 8 sigma 1.205049633979797
burst 9 start 255
burst 9 sigma0_factor 0.6
burst 9 sigma0 0.501328647136688
burst 9 sigma 0.868326663970947
burst 10 start 280
burst 10 sigma0_factor 0.6
burst 10 sigma0 0.351251184940338
burst 10 sigma 0.608384907245636
burst 11 start 305
burst 11 sigma0_factor 0.6
burst 11 sigma0 0.696788370609283
burst 11 sigma 1.206872820854187
burst 12 start 330
burst 12 sigma0_factor 0.6
burst 12 sigma0 0.100762963294983
burst 12 sigma 0.174526572227478
burst 13 start 355
burst 13 sigma0_factor 0.6
burst 13 sigma0 0.202969461679459
burst 13 sigma 0.351553410291672
burst 14 start 380
burst 14 sigma0_factor 0.6
burst 14 sigma0 0.693581879138947
burst 14 sigma 1.201318979263306
burst 15 start 405
burst 15 sigma0_factor 0.6
burst 15 sigma0 0.648619651794434
burst 15 sigma 1.123442173004150
burst 16 start 430
burst 16 sigma0_factor 0.6
burst 16 sigma0 0.269761115312576
burst 16 sigma 0.467239946126938
burst 17 start 455
burst 17 sigma0_factor 0.6
burst 17 sigma0 0.352365732192993
burst 17 sigma 0.610315322875977
burst 18 start 480
burst 18 sigma0_factor 0.6
burst 18 sigma0 0.326956778764725
burst 18 sigma 0.566305756568909
burst 19 start 505
burst 19 sigma0_factor 0.6
burst 19 sigma0 0.166118681430817
burst 19 sigma 0.287725985050201
