video-url       https://www.youtube.com/watch?v=l9c8AvHa__A
video-duration  133
video-fps       25
video-height    720
video-width     1280
downsampling    1.333333373069763
bursts-height   540
bursts-width    960
bursts-duration 0.639999985694885
bursts-frames   16
bursts-spacing  10
burst 0 start 30
burst 0 sigma0_factor 0.2
burst 0 sigma0 0.225141435861588
burst 0 sigma 0.198556095361710
burst 1 start 40
burst 1 sigma0_factor 0.2
burst 1 sigma0 0.277152568101883
burst 1 sigma 0.244425609707832
burst 2 start 50
burst 2 sigma0_factor 0.2
burst 2 sigma0 0.143791884183884
burst 2 sigma 0.126812532544136
burst 3 start 60
burst 3 sigma0_factor 0.2
burst 3 sigma0 0.244809120893478
burst 3 sigma 0.215901374816895
burst 4 start 70
burst 4 sigma0_factor 0.2
burst 4 sigma0 0.193895816802979
burst 4 sigma 0.171000048518181
burst 5 start 80
burst 5 sigma0_factor 0.2
burst 5 sigma0 0.251920998096466
burst 5 sigma 0.222173452377319
burst 6 start 90
burst 6 sigma0_factor 0.2
burst 6 sigma0 0.187428206205368
burst 6 sigma 0.165296152234077
burst 7 start 100
burst 7 sigma0_factor 0.2
burst 7 sigma0 0.289956063032150
burst 7 sigma 0.255717247724533
burst 8 start 110
burst 8 sigma0_factor 0.2
burst 8 sigma0 0.266338318586349
burst 8 sigma 0.234888345003128
burst 9 start 120
burst 9 sigma0_factor 0.2
burst 9 sigma0 0.123240597546101
burst 9 sigma 0.108687996864319
burst 10 start 130
burst 10 sigma0_factor 0.2
burst 10 sigma0 0.151642352342606
burst 10 sigma 0.133735999464989
