video-url       https://www.youtube.com/watch?v=S2U2WcVYr8E
video-duration  116
video-fps       25
video-height    1080
video-width     1920
downsampling    2.000000000000000
bursts-height   540
bursts-width    960
bursts-duration 0.639999985694885
bursts-frames   16
bursts-spacing  10
burst 0 start 30
burst 0 sigma0_factor 0.6
burst 0 sigma0 0.462211877107620
burst 0 sigma 0.800574421882629
burst 1 start 40
burst 1 sigma0_factor 0.6
burst 1 sigma0 0.130976587533951
burst 1 sigma 0.226858094334602
burst 2 start 50
burst 2 sigma0_factor 0.6
burst 2 sigma0 0.483175963163376
burst 2 sigma 0.836885273456573
burst 3 start 60
burst 3 sigma0_factor 0.6
burst 3 sigma0 0.139062941074371
burst 3 sigma 0.240864068269730
burst 4 start 70
burst 4 sigma0_factor 0.6
burst 4 sigma0 0.515506625175476
burst 4 sigma 0.892883658409119
burst 5 start 80
burst 5 sigma0_factor 0.6
burst 5 sigma0 0.284583389759064
burst 5 sigma 0.492912888526917
burst 6 start 90
burst 6 sigma0_factor 0.6
burst 6 sigma0 0.475573182106018
burst 6 sigma 0.823716878890991
burst 7 start 100
burst 7 sigma0_factor 0.6
burst 7 sigma0 0.204430460929871
burst 7 sigma 0.354083925485611
burst 8 start 110
burst 8 sigma0_factor 0.6
burst 8 sigma0 0.399147182703018
burst 8 sigma 0.691343188285828
