video-url       https://www.youtube.com/watch?v=jbFptm_XcqQ
video-duration  285
video-fps       24
video-height    1080
video-width     1920
downsampling    2.000000000000000
bursts-height   540
bursts-width    960
bursts-duration 0.666666686534882
bursts-frames   16
bursts-spacing  13
burst 0 start 30
burst 0 sigma0_factor 0.6
burst 0 sigma0 0.178860783576965
burst 0 sigma 0.309795945882797
burst 1 start 43
burst 1 sigma0_factor 0.6
burst 1 sigma0 0.598817467689514
burst 1 sigma 1.037182211875916
burst 2 start 56
burst 2 sigma0_factor 0.6
burst 2 sigma0 0.611608207225800
burst 2 sigma 1.059336423873901
burst 3 start 69
burst 3 sigma0_factor 0.6
burst 3 sigma0 0.459611266851425
burst 3 sigma 0.796070039272308
burst 4 start 82
burst 4 sigma0_factor 0.6
burst 4 sigma0 0.294601023197174
burst 4 sigma 0.510263919830322
burst 5 start 95
burst 5 sigma0_factor 0.6
burst 5 sigma0 0.661882162094116
burst 5 sigma 1.146413564682007
burst 6 start 108
burst 6 sigma0_factor 0.6
burst 6 sigma0 0.235882461071014
burst 6 sigma 0.408560395240784
burst 7 start 121
burst 7 sigma0_factor 0.6
burst 7 sigma0 0.461333215236664
burst 7 sigma 0.799052536487579
burst 8 start 134
burst 8 sigma0_factor 0.6
burst 8 sigma0 0.661114096641541
burst 8 sigma 1.145083189010620
burst 9 start 147
burst 9 sigma0_factor 0.6
burst 9 sigma0 0.225704133510590
burst 9 sigma 0.390931010246277
burst 10 start 160
burst 10 sigma0_factor 0.6
burst 10 sigma0 0.200666666030884
burst 10 sigma 0.347564846277237
burst 11 start 173
burst 11 sigma0_factor 0.6
burst 11 sigma0 0.194499790668488
burst 11 sigma 0.336883515119553
burst 12 start 186
burst 12 sigma0_factor 0.6
burst 12 sigma0 0.531691133975983
burst 12 sigma 0.920916020870209
burst 13 start 199
burst 13 sigma0_factor 0.6
burst 13 sigma0 0.500833272933960
burst 13 sigma 0.867468655109406
burst 14 start 212
burst 14 sigma0_factor 0.6
burst 14 sigma0 0.435106009244919
burst 14 sigma 0.753625690937042
burst 15 start 225
burst 15 sigma0_factor 0.6
burst 15 sigma0 0.573147535324097
burst 15 sigma 0.992720603942871
burst 16 start 238
burst 16 sigma0_factor 0.6
burst 16 sigma0 0.122284315526485
burst 16 sigma 0.211802646517754
burst 17 start 251
burst 17 sigma0_factor 0.6
burst 17 sigma0 0.498778104782104
burst 17 sigma 0.863909006118774
burst 18 start 264
burst 18 sigma0_factor 0.6
burst 18 sigma0 0.503966033458710
burst 18 sigma 0.872894763946533
burst 19 start 277
burst 19 sigma0_factor 0.6
burst 19 sigma0 0.644149720668793
burst 19 sigma 1.115700006484985
